2023-02-15 16:18:49,485 NanoPlot 1.41.0 started with arguments Namespace(N50=False, alength=False, bam=None, barcoded=False, color='#4CB391', colormap='Greens', cram=None, downsample=None, dpi=100, drop_outliers=False, fasta=None, fastq=['/vol/testNotSoBig/datasets/zymoMC/nanopore/ERR7255742.fastq'], fastq_minimal=None, fastq_rich=None, feather=None, font_scale=1, format=['png'], hide_stats=False, huge=True, info_in_report=False, legacy=None, listcolormaps=False, listcolors=False, loglength=False, maxlength=None, minlength=None, minqual=None, no_N50=False, no_static=False, no_supplementary=False, outdir='/vol/testNotSoBig/datasets/zymoMC/zymoQC/nanoplotOut/', path='/vol/testNotSoBig/datasets/zymoMC/zymoQC/nanoplotOut/', percentqual=False, pickle=None, plots=['kde', 'dot'], prefix='', raw=False, readtype='1D', runtime_until=None, store=True, summary=None, threads=6, title=None, tsv_stats=False, ubam=None, verbose=True)
2023-02-15 16:18:49,485 Python version is: 3.7.12 | packaged by conda-forge | (default, Oct 26 2021, 06:08:53)  [GCC 9.4.0]
2023-02-15 16:18:49,485 nanoget: Running with a single huge input file.
2023-02-15 16:18:49,485 Nanoget: Starting to collect statistics from plain fastq file.
2023-02-15 17:28:36,471 Reduced DataFrame memory usage from 202.6043243408203Mb to 135.06954956054688Mb
2023-02-15 17:28:36,496 Nanoget: Gathered all metrics of 8851918 reads
2023-02-15 17:28:40,987 Calculated statistics
2023-02-15 17:28:40,988 Using sequenced read lengths for plotting.
2023-02-15 17:28:41,194 NanoPlot:  Valid color #4CB391.
2023-02-15 17:28:41,194 NanoPlot:  Valid colormap Greens.
2023-02-15 17:28:41,739 NanoPlot:  Creating length plots for Read length.
2023-02-15 17:28:41,765 NanoPlot:  Using 8851918 reads maximum of 172125bp.
2023-02-15 17:28:47,092 Saved /vol/testNotSoBig/datasets/zymoMC/zymoQC/nanoplotOut/WeightedHistogramReadlength  as png (or png for --legacy)
2023-02-15 17:28:48,037 Saved /vol/testNotSoBig/datasets/zymoMC/zymoQC/nanoplotOut/WeightedLogTransformed_HistogramReadlength  as png (or png for --legacy)
2023-02-15 17:28:48,767 Saved /vol/testNotSoBig/datasets/zymoMC/zymoQC/nanoplotOut/Non_weightedHistogramReadlength  as png (or png for --legacy)
2023-02-15 17:28:49,578 Saved /vol/testNotSoBig/datasets/zymoMC/zymoQC/nanoplotOut/Non_weightedLogTransformed_HistogramReadlength  as png (or png for --legacy)
2023-02-15 17:28:51,614 Saved /vol/testNotSoBig/datasets/zymoMC/zymoQC/nanoplotOut/Yield_By_Length  as png (or png for --legacy)
2023-02-15 17:28:51,617 Created length plots
2023-02-15 17:28:51,935 NanoPlot: Creating Read lengths vs Average read quality plots using 8851918 reads.
2023-02-15 17:28:54,282 Saved /vol/testNotSoBig/datasets/zymoMC/zymoQC/nanoplotOut/LengthvsQualityScatterPlot_dot  as png (or png for --legacy)
2023-02-15 17:28:56,117 Saved /vol/testNotSoBig/datasets/zymoMC/zymoQC/nanoplotOut/LengthvsQualityScatterPlot_kde  as png (or png for --legacy)
2023-02-15 17:28:56,146 Created LengthvsQual plot
2023-02-15 17:28:56,146 Writing html report.
2023-02-15 17:28:56,176 Finished!
